# JRE version: Java(TM) SE Runtime Environment (8.0_201-b09) (build 1.8.0_201-b09)
# Java VM: Java HotSpot(TM) 64-Bit Server VM (25.201-b09 mixed mode windows-amd64 compressed oops)
Heap:
 PSYoungGen      total 230400K, used 181167K [0x00000000d6180000, 0x00000000f6200000, 0x0000000100000000)
  eden space 229888K, 78% used [0x00000000d6180000,0x00000000e125bcd8,0x00000000e4200000)
  from space 512K, 12% used [0x00000000f6180000,0x00000000f6190000,0x00000000f6200000)
  to   space 15360K, 0% used [0x00000000f4400000,0x00000000f4400000,0x00000000f5300000)
 ParOldGen       total 86016K, used 23122K [0x0000000082400000, 0x0000000087800000, 0x00000000d6180000)
  object space 86016K, 26% used [0x0000000082400000,0x0000000083a94a58,0x0000000087800000)
 Metaspace       used 18937K, capacity 19724K, committed 19840K, reserved 1067008K
  class space    used 2445K, capacity 2641K, committed 2688K, reserved 1048576K
GC Heap History (10 events):
Event: 14.830 GC heap before
{Heap before GC invocations=6 (full 0):
 PSYoungGen      total 136192K, used 136160K [0x00000000d6180000, 0x00000000e8080000, 0x0000000100000000)
  eden space 131072K, 100% used [0x00000000d6180000,0x00000000de180000,0x00000000de180000)
  from space 5120K, 99% used [0x00000000de180000,0x00000000de678030,0x00000000de680000)
  to   space 15872K, 0% used [0x00000000e7100000,0x00000000e7100000,0x00000000e8080000)
 ParOldGen       total 86016K, used 17688K [0x0000000082400000, 0x0000000087800000, 0x00000000d6180000)
  object space 86016K, 20% used [0x0000000082400000,0x0000000083546118,0x0000000087800000)
 Metaspace       used 18634K, capacity 19344K, committed 19584K, reserved 1067008K
  class space    used 2420K, capacity 2597K, committed 2688K, reserved 1048576K
Event: 14.842 GC heap after
Heap after GC invocations=6 (full 0):
 PSYoungGen      total 276992K, used 5216K [0x00000000d6180000, 0x00000000e7f80000, 0x0000000100000000)
  eden space 262144K, 0% used [0x00000000d6180000,0x00000000d6180000,0x00000000e6180000)
  from space 14848K, 35% used [0x00000000e7100000,0x00000000e7618030,0x00000000e7f80000)
  to   space 15360K, 0% used [0x00000000e6180000,0x00000000e6180000,0x00000000e7080000)
 ParOldGen       total 86016K, used 17696K [0x0000000082400000, 0x0000000087800000, 0x00000000d6180000)
  object space 86016K, 20% used [0x0000000082400000,0x0000000083548118,0x0000000087800000)
 Metaspace       used 18634K, capacity 19344K, committed 19584K, reserved 1067008K
  class space    used 2420K, capacity 2597K, committed 2688K, reserved 1048576K
}
Event: 17.533 GC heap before
{Heap before GC invocations=7 (full 0):
 PSYoungGen      total 276992K, used 267360K [0x00000000d6180000, 0x00000000e7f80000, 0x0000000100000000)
  eden space 262144K, 100% used [0x00000000d6180000,0x00000000e6180000,0x00000000e6180000)
  from space 14848K, 35% used [0x00000000e7100000,0x00000000e7618030,0x00000000e7f80000)
  to   space 15360K, 0% used [0x00000000e6180000,0x00000000e6180000,0x00000000e7080000)
 ParOldGen       total 86016K, used 17696K [0x0000000082400000, 0x0000000087800000, 0x00000000d6180000)
  object space 86016K, 20% used [0x0000000082400000,0x0000000083548118,0x0000000087800000)
 Metaspace       used 18812K, capacity 19520K, committed 19840K, reserved 1067008K
  class space    used 2439K, capacity 2633K, committed 2688K, reserved 1048576K
Event: 17.555 GC heap after
Heap after GC invocations=7 (full 0):
 PSYoungGen      total 277504K, used 3584K [0x00000000d6180000, 0x00000000f7e80000, 0x0000000100000000)
  eden space 262144K, 0% used [0x00000000d6180000,0x00000000d6180000,0x00000000e6180000)
  from space 15360K, 23% used [0x00000000e6180000,0x00000000e6500010,0x00000000e7080000)
  to   space 14848K, 0% used [0x00000000f7000000,0x00000000f7000000,0x00000000f7e80000)
 ParOldGen       total 86016K, used 19336K [0x0000000082400000, 0x0000000087800000, 0x00000000d6180000)
  object space 86016K, 22% used [0x0000000082400000,0x00000000836e2138,0x0000000087800000)
 Metaspace       used 18812K, capacity 19520K, committed 19840K, reserved 1067008K
  class space    used 2439K, capacity 2633K, committed 2688K, reserved 1048576K
}
Event: 20.704 GC heap before
{Heap before GC invocations=8 (full 0):
 PSYoungGen      total 277504K, used 265728K [0x00000000d6180000, 0x00000000f7e80000, 0x0000000100000000)
  eden space 262144K, 100% used [0x00000000d6180000,0x00000000e6180000,0x00000000e6180000)
  from space 15360K, 23% used [0x00000000e6180000,0x00000000e6500010,0x00000000e7080000)
  to   space 14848K, 0% used [0x00000000f7000000,0x00000000f7000000,0x00000000f7e80000)
 ParOldGen       total 86016K, used 19336K [0x0000000082400000, 0x0000000087800000, 0x00000000d6180000)
  object space 86016K, 22% used [0x0000000082400000,0x00000000836e2138,0x0000000087800000)
 Metaspace       used 18829K, capacity 19520K, committed 19840K, reserved 1067008K
  class space    used 2439K, capacity 2633K, committed 2688K, reserved 1048576K
Event: 20.713 GC heap after
Heap after GC invocations=8 (full 0):
 PSYoungGen      total 252928K, used 1984K [0x00000000d6180000, 0x00000000f7200000, 0x0000000100000000)
  eden space 250880K, 0% used [0x00000000d6180000,0x00000000d6180000,0x00000000e5680000)
  from space 2048K, 96% used [0x00000000f7000000,0x00000000f71f0000,0x00000000f7200000)
  to   space 14848K, 0% used [0x00000000f5500000,0x00000000f5500000,0x00000000f6380000)
 ParOldGen       total 86016K, used 20986K [0x0000000082400000, 0x0000000087800000, 0x00000000d6180000)
  object space 86016K, 24% used [0x0000000082400000,0x000000008387ea48,0x0000000087800000)
 Metaspace       used 18829K, capacity 19520K, committed 19840K, reserved 1067008K
  class space    used 2439K, capacity 2633K, committed 2688K, reserved 1048576K
}
Event: 23.944 GC heap before
{Heap before GC invocations=9 (full 0):
 PSYoungGen      total 252928K, used 252864K [0x00000000d6180000, 0x00000000f7200000, 0x0000000100000000)
  eden space 250880K, 100% used [0x00000000d6180000,0x00000000e5680000,0x00000000e5680000)
  from space 2048K, 96% used [0x00000000f7000000,0x00000000f71f0000,0x00000000f7200000)
  to   space 14848K, 0% used [0x00000000f5500000,0x00000000f5500000,0x00000000f6380000)
 ParOldGen       total 86016K, used 20986K [0x0000000082400000, 0x0000000087800000, 0x00000000d6180000)
  object space 86016K, 24% used [0x0000000082400000,0x000000008387ea48,0x0000000087800000)
 Metaspace       used 18829K, capacity 19520K, committed 19840K, reserved 1067008K
  class space    used 2439K, capacity 2633K, committed 2688K, reserved 1048576K
Event: 23.950 GC heap after
Heap after GC invocations=9 (full 0):
 PSYoungGen      total 240640K, used 128K [0x00000000d6180000, 0x00000000f7080000, 0x0000000100000000)
  eden space 240128K, 0% used [0x00000000d6180000,0x00000000d6180000,0x00000000e4c00000)
  from space 512K, 25% used [0x00000000f5500000,0x00000000f5520000,0x00000000f5580000)
  to   space 15360K, 0% used [0x00000000f6180000,0x00000000f6180000,0x00000000f7080000)
 ParOldGen       total 86016K, used 23066K [0x0000000082400000, 0x0000000087800000, 0x00000000d6180000)
  object space 86016K, 26% used [0x0000000082400000,0x0000000083a86a58,0x0000000087800000)
 Metaspace       used 18829K, capacity 19520K, committed 19840K, reserved 1067008K
  class space    used 2439K, capacity 2633K, committed 2688K, reserved 1048576K
}
Event: 27.221 GC heap before
{Heap before GC invocations=10 (full 0):
 PSYoungGen      total 240640K, used 240256K [0x00000000d6180000, 0x00000000f7080000, 0x0000000100000000)
  eden space 240128K, 100% used [0x00000000d6180000,0x00000000e4c00000,0x00000000e4c00000)
  from space 512K, 25% used [0x00000000f5500000,0x00000000f5520000,0x00000000f5580000)
  to   space 15360K, 0% used [0x00000000f6180000,0x00000000f6180000,0x00000000f7080000)
 ParOldGen       total 86016K, used 23066K [0x0000000082400000, 0x0000000087800000, 0x00000000d6180000)
  object space 86016K, 26% used [0x0000000082400000,0x0000000083a86a58,0x0000000087800000)
 Metaspace       used 18829K, capacity 19520K, committed 19840K, reserved 1067008K
  class space    used 2439K, capacity 2633K, committed 2688K, reserved 1048576K
Event: 27.223 GC heap after
Heap after GC invocations=10 (full 0):
 PSYoungGen      total 230400K, used 64K [0x00000000d6180000, 0x00000000f6200000, 0x0000000100000000)
  eden space 229888K, 0% used [0x00000000d6180000,0x00000000d6180000,0x00000000e4200000)
  from space 512K, 12% used [0x00000000f6180000,0x00000000f6190000,0x00000000f6200000)
  to   space 15360K, 0% used [0x00000000f4400000,0x00000000f4400000,0x00000000f5300000)
 ParOldGen       total 86016K, used 23122K [0x0000000082400000, 0x0000000087800000, 0x00000000d6180000)
  object space 86016K, 26% used [0x0000000082400000,0x0000000083a94a58,0x0000000087800000)
 Metaspace       used 18829K, capacity 19520K, committed 19840K, reserved 1067008K
  class space    used 2439K, capacity 2633K, committed 2688K, reserved 1048576K
}

